Arguments: 
  C:\Program Files\nodejs\node.exe C:\Users\jack\AppData\Roaming\npm\node_modules\yarn\bin\yarn.js

PATH: 
  C:\jdk1.6.0\bin;%S;stemRoot%\system32;C:\windows;C:\windows\system32\wbem;C:\Program Files (x86)\Skype\Phone\;C:\windows\system32\config\systemprofile\.dnx\bin;C:\Program Files\Microsoft DNX\Dnvm\;C:\Program Files\Microsoft SQL Server\130\Tools\Binn\;C:\windows\system32;C:\windows;C:\windows\System32\Wbem;D:\Matlab\bin;C:\Users\jack\Desktop\matlab10.0\runtime\win64;C:\Users\jack\Desktop\matlab10.0\bin;C:\Program Files\Git\cmd;C:\Program Files\TortoiseGit\bin;C:\Program Files (x86)\ATI Technologies\ATI.ACE\Core-Static;C:\Program Files\MySQL\MySQL Utilities 1.6\;C:\Program Files\nodejs\;D:\Microsoft VS Code\bin;C:\Windows\System32\tasklist.exe;C:\Users\jack\AppData\Local\.meteor\;C:\Windows\System32;D:\Microsoft VS Code\bin;C:\Users\jack\AppData\Roaming\npm

Yarn version: 
  1.9.4

Node version: 
  8.12.0

Platform: 
  win32 x64

Trace: 
  Error: ENOENT: no such file or directory, copyfile 'C:\Users\jack\AppData\Local\Yarn\Cache\v2\npm-inherits-2.0.1-b17d08d326b4423e568eff719f91b0b1cbdf69f1\inherits_browser.js' -> 'f:\Naruto\naruto\node_modules\assert\node_modules\inherits\inherits_browser.js'

npm manifest: 
  {
    "name": "test",
    "version": "1.0.0",
    "description": "",
    "main": "test.js",
    "scripts": {
      "start": "cross-env NODE_ENV=development node webpack/start.js",
      "build": "cross-env NODE_ENV=production node webpack/build.js",
      "prettier": "prettier -c --write \"**/*\"",
      "lint:fix": "eslint --fix --cache --ext .js,.jsx,.ts,.tsx --format=pretty ./src"
    },
    "author": "",
    "license": "ISC",
    "devDependencies": {
      "@babel/cli": "^7.5.0",
      "@babel/core": "^7.5.4",
      "@babel/plugin-transform-runtime": "^7.5.0",
      "@babel/preset-env": "^7.5.4",
      "@babel/preset-react": "^7.6.3",
      "@typescript-eslint/eslint-plugin": "^2.6.1",
      "@typescript-eslint/parser": "^2.6.1",
      "babel-loader": "^8.0.6",
      "clean-webpack-plugin": "^3.0.0",
      "cross-env": "^5.2.0",
      "eslint": "^5.16.0",
      "eslint-config-airbnb": "^18.0.1",
      "eslint-config-prettier": "^6.5.0",
      "eslint-formatter-pretty": "^2.1.1",
      "eslint-plugin-import": "^2.18.2",
      "eslint-plugin-jsx-a11y": "^6.2.3",
      "eslint-plugin-prettier": "^3.1.1",
      "eslint-plugin-react": "^7.14.3",
      "eslint-plugin-react-hooks": "^1.7.0",
      "html-webpack-plugin": "^3.2.0",
      "husky": "^3.1.0",
      "lint-staged": "^9.5.0",
      "path": "^0.12.7",
      "ts-loader": "^6.2.1",
      "typescript": "^3.7.2",
      "webpack": "^4.34.0",
      "webpack-cli": "^3.3.4",
      "webpack-dev-server": "^3.7.1",
      "webpack-merge": "^4.2.1"
    },
    "dependencies": {
      "@babel/runtime": "^7.5.4",
      "@babel/runtime-corejs2": "^7.5.4",
      "@babel/runtime-corejs3": "^7.5.4",
      "react": "^16.11.0",
      "react-dom": "^16.11.0",
      "react-redux": "^7.1.3",
      "redux": "^4.0.4",
      "redux-thunk": "^2.3.0"
    },
    "husky": {
      "hooks": {
        "pre-commit": "lint-staged"
      }
    },
    "lint-staged": {
      "*.{.ts,.tsx}": [
        "eslint",
        "git add"
      ]
    }
  }

yarn manifest: 
  No manifest

Lockfile: 
  No lockfile
